  BPTuoiNuoc.cpp
d:\code\project_vs\machine\bptuoinuoc\bptuoinuoc.cpp(158): warning C4267: 'argument': conversion from 'size_t' to 'int', possible loss of data
d:\code\project_vs\machine\bptuoinuoc\bptuoinuoc.cpp(385): warning C4267: 'argument': conversion from 'size_t' to 'int', possible loss of data
d:\code\project_vs\machine\bptuoinuoc\bptuoinuoc.cpp(350): warning C4101: 'sendBuff': unreferenced local variable
d:\code\project_vs\machine\bptuoinuoc\bptuoinuoc.cpp(421): warning C4267: 'initializing': conversion from 'size_t' to 'int', possible loss of data
d:\code\project_vs\machine\bptuoinuoc\bptuoinuoc.cpp(422): warning C4267: 'initializing': conversion from 'size_t' to 'int', possible loss of data
d:\code\project_vs\machine\bptuoinuoc\bptuoinuoc.cpp(456): warning C4267: 'initializing': conversion from 'size_t' to 'int', possible loss of data
d:\code\project_vs\machine\bptuoinuoc\bptuoinuoc.cpp(486): warning C4244: 'argument': conversion from 'time_t' to 'unsigned int', possible loss of data
d:\code\project_vs\machine\bptuoinuoc\bptuoinuoc.cpp(506): warning C4172: returning address of local variable or temporary: response
d:\code\project_vs\machine\bptuoinuoc\bptuoinuoc.cpp(538): warning C4172: returning address of local variable or temporary: response
d:\code\project_vs\machine\bptuoinuoc\bptuoinuoc.cpp(512): warning C4172: returning address of local variable or temporary: response
d:\code\project_vs\machine\bptuoinuoc\bptuoinuoc.cpp(542): warning C4172: returning address of local variable or temporary: response
d:\code\project_vs\machine\bptuoinuoc\bptuoinuoc.cpp(516): warning C4172: returning address of local variable or temporary: response
d:\code\project_vs\machine\bptuoinuoc\bptuoinuoc.cpp(548): warning C4172: returning address of local variable or temporary: response
d:\code\project_vs\machine\bptuoinuoc\bptuoinuoc.cpp(554): warning C4172: returning address of local variable or temporary: response
d:\code\project_vs\machine\bptuoinuoc\bptuoinuoc.cpp(558): warning C4172: returning address of local variable or temporary: response
d:\code\project_vs\machine\bptuoinuoc\bptuoinuoc.cpp(564): warning C4172: returning address of local variable or temporary: response
d:\code\project_vs\machine\bptuoinuoc\bptuoinuoc.cpp(569): warning C4172: returning address of local variable or temporary: response
d:\code\project_vs\machine\bptuoinuoc\bptuoinuoc.cpp(575): warning C4172: returning address of local variable or temporary: response
d:\code\project_vs\machine\bptuoinuoc\bptuoinuoc.cpp(610): warning C4172: returning address of local variable or temporary: response
d:\code\project_vs\machine\bptuoinuoc\bptuoinuoc.cpp(615): warning C4172: returning address of local variable or temporary: response
d:\code\project_vs\machine\bptuoinuoc\bptuoinuoc.cpp(636): warning C4172: returning address of local variable or temporary: response
d:\code\project_vs\machine\bptuoinuoc\bptuoinuoc.cpp(642): warning C4172: returning address of local variable or temporary: response
d:\code\project_vs\machine\bptuoinuoc\bptuoinuoc.cpp(646): warning C4172: returning address of local variable or temporary: response
d:\code\project_vs\machine\bptuoinuoc\bptuoinuoc.cpp(651): warning C4172: returning address of local variable or temporary: response
d:\code\project_vs\machine\bptuoinuoc\bptuoinuoc.cpp(705): warning C4172: returning address of local variable or temporary: response
  BPTuoiNuoc.vcxproj -> D:\Code\Project_VS\Machine\x64\Debug\BPTuoiNuoc.exe
  BPTuoiNuoc.vcxproj -> D:\Code\Project_VS\Machine\x64\Debug\BPTuoiNuoc.pdb (Full PDB)
