  BPBonPhan.cpp
e:\studyingdata\industryfoundationncore\20212\networkprogramming\test\project\bpbonphan\bpbonphan.cpp(161): warning C4267: 'argument': conversion from 'size_t' to 'int', possible loss of data
e:\studyingdata\industryfoundationncore\20212\networkprogramming\test\project\bpbonphan\bpbonphan.cpp(385): warning C4267: 'argument': conversion from 'size_t' to 'int', possible loss of data
e:\studyingdata\industryfoundationncore\20212\networkprogramming\test\project\bpbonphan\bpbonphan.cpp(350): warning C4101: 'sendBuff': unreferenced local variable
e:\studyingdata\industryfoundationncore\20212\networkprogramming\test\project\bpbonphan\bpbonphan.cpp(421): warning C4267: 'initializing': conversion from 'size_t' to 'int', possible loss of data
e:\studyingdata\industryfoundationncore\20212\networkprogramming\test\project\bpbonphan\bpbonphan.cpp(422): warning C4267: 'initializing': conversion from 'size_t' to 'int', possible loss of data
e:\studyingdata\industryfoundationncore\20212\networkprogramming\test\project\bpbonphan\bpbonphan.cpp(456): warning C4267: 'initializing': conversion from 'size_t' to 'int', possible loss of data
e:\studyingdata\industryfoundationncore\20212\networkprogramming\test\project\bpbonphan\bpbonphan.cpp(486): warning C4244: 'argument': conversion from 'time_t' to 'unsigned int', possible loss of data
e:\studyingdata\industryfoundationncore\20212\networkprogramming\test\project\bpbonphan\bpbonphan.cpp(506): warning C4172: returning address of local variable or temporary: response
e:\studyingdata\industryfoundationncore\20212\networkprogramming\test\project\bpbonphan\bpbonphan.cpp(512): warning C4172: returning address of local variable or temporary: response
e:\studyingdata\industryfoundationncore\20212\networkprogramming\test\project\bpbonphan\bpbonphan.cpp(516): warning C4172: returning address of local variable or temporary: response
e:\studyingdata\industryfoundationncore\20212\networkprogramming\test\project\bpbonphan\bpbonphan.cpp(538): warning C4172: returning address of local variable or temporary: response
e:\studyingdata\industryfoundationncore\20212\networkprogramming\test\project\bpbonphan\bpbonphan.cpp(544): warning C4172: returning address of local variable or temporary: response
e:\studyingdata\industryfoundationncore\20212\networkprogramming\test\project\bpbonphan\bpbonphan.cpp(653): warning C4172: returning address of local variable or temporary: response
e:\studyingdata\industryfoundationncore\20212\networkprogramming\test\project\bpbonphan\bpbonphan.cpp(550): warning C4172: returning address of local variable or temporary: response
e:\studyingdata\industryfoundationncore\20212\networkprogramming\test\project\bpbonphan\bpbonphan.cpp(556): warning C4172: returning address of local variable or temporary: response
e:\studyingdata\industryfoundationncore\20212\networkprogramming\test\project\bpbonphan\bpbonphan.cpp(658): warning C4172: returning address of local variable or temporary: response
e:\studyingdata\industryfoundationncore\20212\networkprogramming\test\project\bpbonphan\bpbonphan.cpp(562): warning C4172: returning address of local variable or temporary: response
e:\studyingdata\industryfoundationncore\20212\networkprogramming\test\project\bpbonphan\bpbonphan.cpp(568): warning C4172: returning address of local variable or temporary: response
e:\studyingdata\industryfoundationncore\20212\networkprogramming\test\project\bpbonphan\bpbonphan.cpp(679): warning C4172: returning address of local variable or temporary: response
e:\studyingdata\industryfoundationncore\20212\networkprogramming\test\project\bpbonphan\bpbonphan.cpp(685): warning C4172: returning address of local variable or temporary: response
e:\studyingdata\industryfoundationncore\20212\networkprogramming\test\project\bpbonphan\bpbonphan.cpp(689): warning C4172: returning address of local variable or temporary: response
e:\studyingdata\industryfoundationncore\20212\networkprogramming\test\project\bpbonphan\bpbonphan.cpp(694): warning C4172: returning address of local variable or temporary: response
e:\studyingdata\industryfoundationncore\20212\networkprogramming\test\project\bpbonphan\bpbonphan.cpp(747): warning C4172: returning address of local variable or temporary: response
e:\studyingdata\industryfoundationncore\20212\networkprogramming\test\project\bpbonphan\bpbonphan.cpp(574): warning C4172: returning address of local variable or temporary: response
e:\studyingdata\industryfoundationncore\20212\networkprogramming\test\project\bpbonphan\bpbonphan.cpp(580): warning C4172: returning address of local variable or temporary: response
e:\studyingdata\industryfoundationncore\20212\networkprogramming\test\project\bpbonphan\bpbonphan.cpp(586): warning C4172: returning address of local variable or temporary: response
e:\studyingdata\industryfoundationncore\20212\networkprogramming\test\project\bpbonphan\bpbonphan.cpp(592): warning C4172: returning address of local variable or temporary: response
e:\studyingdata\industryfoundationncore\20212\networkprogramming\test\project\bpbonphan\bpbonphan.cpp(597): warning C4172: returning address of local variable or temporary: response
e:\studyingdata\industryfoundationncore\20212\networkprogramming\test\project\bpbonphan\bpbonphan.cpp(603): warning C4172: returning address of local variable or temporary: response
  BPBonPhan.vcxproj -> E:\StudyingData\IndustryFoundationNCore\20212\NetworkProgramming\test\Project\x64\Debug\BPBonPhan.exe
  BPBonPhan.vcxproj -> E:\StudyingData\IndustryFoundationNCore\20212\NetworkProgramming\test\Project\x64\Debug\BPBonPhan.pdb (Full PDB)
